# JRE version: OpenJDK Runtime Environment Temurin-21.0.10+7 (21.0.10+7) (build 21.0.10+7-LTS)
# Java VM: OpenJDK 64-Bit Server VM Temurin-21.0.10+7 (21.0.10+7-LTS, mixed mode, sharing, tiered, compressed oops, compressed class ptrs, parallel gc, windows-amd64)
GC Precious Log:
 CardTable entry size: 512
 CPUs: 12 total, 12 available
 Memory: 7914M
 Large Page Support: Disabled
 NUMA Support: Disabled
 Compressed Oops: Enabled (32-bit)
 Alignments: Space 512K, Generation 512K, Heap 2M
 Heap Min Capacity: 100M
 Heap Initial Capacity: 100M
 Heap Max Capacity: 2G
 Pre-touch: Disabled
 Parallel Workers: 10
Heap:
 PSYoungGen      total 7680K, used 7670K [0x00000000d5580000, 0x00000000d6200000, 0x0000000100000000)
  eden space 7168K, 100% used [0x00000000d5580000,0x00000000d5c80000,0x00000000d5c80000)
  from space 512K, 98% used [0x00000000d6100000,0x00000000d617d890,0x00000000d6180000)
  to   space 512K, 0% used [0x00000000d6180000,0x00000000d6180000,0x00000000d6200000)
 ParOldGen       total 857600K, used 856744K [0x0000000080000000, 0x00000000b4580000, 0x00000000d5580000)
  object space 857600K, 99% used [0x0000000080000000,0x00000000b44aa2c8,0x00000000b4580000)
 Metaspace       used 88914K, committed 90624K, reserved 1179648K
  class space    used 9056K, committed 9856K, reserved 1048576K
GC Heap History (20 events):
Event: 11876.627 GC heap before
{Heap before GC invocations=1394 (full 6):
 PSYoungGen      total 9728K, used 7748K [0x00000000d5580000, 0x00000000d6400000, 0x0000000100000000)
  eden space 7168K, 100% used [0x00000000d5580000,0x00000000d5c80000,0x00000000d5c80000)
  from space 2560K, 22% used [0x00000000d5f00000,0x00000000d5f91210,0x00000000d6180000)
  to   space 1024K, 0% used [0x00000000d6300000,0x00000000d6300000,0x00000000d6400000)
 ParOldGen       total 834048K, used 833734K [0x0000000080000000, 0x00000000b2e80000, 0x00000000d5580000)
  object space 834048K, 99% used [0x0000000080000000,0x00000000b2e31950,0x00000000b2e80000)
 Metaspace       used 88875K, committed 90624K, reserved 1179648K
  class space    used 9056K, committed 9856K, reserved 1048576K
}
Event: 11876.630 GC heap after
{Heap after GC invocations=1394 (full 6):
 PSYoungGen      total 8192K, used 554K [0x00000000d5580000, 0x00000000d6400000, 0x0000000100000000)
  eden space 7168K, 0% used [0x00000000d5580000,0x00000000d5580000,0x00000000d5c80000)
  from space 1024K, 54% used [0x00000000d6300000,0x00000000d638a910,0x00000000d6400000)
  to   space 1024K, 0% used [0x00000000d6200000,0x00000000d6200000,0x00000000d6300000)
 ParOldGen       total 834560K, used 834221K [0x0000000080000000, 0x00000000b2f00000, 0x00000000d5580000)
  object space 834560K, 99% used [0x0000000080000000,0x00000000b2eab458,0x00000000b2f00000)
 Metaspace       used 88875K, committed 90624K, reserved 1179648K
  class space    used 9056K, committed 9856K, reserved 1048576K
}
Event: 11876.736 GC heap before
{Heap before GC invocations=1395 (full 6):
 PSYoungGen      total 8192K, used 7722K [0x00000000d5580000, 0x00000000d6400000, 0x0000000100000000)
  eden space 7168K, 100% used [0x00000000d5580000,0x00000000d5c80000,0x00000000d5c80000)
  from space 1024K, 54% used [0x00000000d6300000,0x00000000d638a910,0x00000000d6400000)
  to   space 1024K, 0% used [0x00000000d6200000,0x00000000d6200000,0x00000000d6300000)
 ParOldGen       total 834560K, used 834221K [0x0000000080000000, 0x00000000b2f00000, 0x00000000d5580000)
  object space 834560K, 99% used [0x0000000080000000,0x00000000b2eab458,0x00000000b2f00000)
 Metaspace       used 88875K, committed 90624K, reserved 1179648K
  class space    used 9056K, committed 9856K, reserved 1048576K
}
Event: 11876.738 GC heap after
{Heap after GC invocations=1395 (full 6):
 PSYoungGen      total 7680K, used 512K [0x00000000d5580000, 0x00000000d6380000, 0x0000000100000000)
  eden space 7168K, 0% used [0x00000000d5580000,0x00000000d5580000,0x00000000d5c80000)
  from space 512K, 100% used [0x00000000d6200000,0x00000000d6280000,0x00000000d6280000)
  to   space 1024K, 0% used [0x00000000d6280000,0x00000000d6280000,0x00000000d6380000)
 ParOldGen       total 834560K, used 834261K [0x0000000080000000, 0x00000000b2f00000, 0x00000000d5580000)
  object space 834560K, 99% used [0x0000000080000000,0x00000000b2eb5458,0x00000000b2f00000)
 Metaspace       used 88875K, committed 90624K, reserved 1179648K
  class space    used 9056K, committed 9856K, reserved 1048576K
}
Event: 11876.750 GC heap before
{Heap before GC invocations=1396 (full 6):
 PSYoungGen      total 7680K, used 7680K [0x00000000d5580000, 0x00000000d6380000, 0x0000000100000000)
  eden space 7168K, 100% used [0x00000000d5580000,0x00000000d5c80000,0x00000000d5c80000)
  from space 512K, 100% used [0x00000000d6200000,0x00000000d6280000,0x00000000d6280000)
  to   space 1024K, 0% used [0x00000000d6280000,0x00000000d6280000,0x00000000d6380000)
 ParOldGen       total 834560K, used 834261K [0x0000000080000000, 0x00000000b2f00000, 0x00000000d5580000)
  object space 834560K, 99% used [0x0000000080000000,0x00000000b2eb5458,0x00000000b2f00000)
 Metaspace       used 88875K, committed 90624K, reserved 1179648K
  class space    used 9056K, committed 9856K, reserved 1048576K
}
Event: 11876.752 GC heap after
{Heap after GC invocations=1396 (full 6):
 PSYoungGen      total 8192K, used 900K [0x00000000d5580000, 0x00000000d6380000, 0x0000000100000000)
  eden space 7168K, 0% used [0x00000000d5580000,0x00000000d5580000,0x00000000d5c80000)
  from space 1024K, 87% used [0x00000000d6280000,0x00000000d6361210,0x00000000d6380000)
  to   space 1024K, 0% used [0x00000000d6180000,0x00000000d6180000,0x00000000d6280000)
 ParOldGen       total 835072K, used 834649K [0x0000000080000000, 0x00000000b2f80000, 0x00000000d5580000)
  object space 835072K, 99% used [0x0000000080000000,0x00000000b2f16668,0x00000000b2f80000)
 Metaspace       used 88875K, committed 90624K, reserved 1179648K
  class space    used 9056K, committed 9856K, reserved 1048576K
}
Event: 11876.763 GC heap before
{Heap before GC invocations=1397 (full 6):
 PSYoungGen      total 8192K, used 8068K [0x00000000d5580000, 0x00000000d6380000, 0x0000000100000000)
  eden space 7168K, 100% used [0x00000000d5580000,0x00000000d5c80000,0x00000000d5c80000)
  from space 1024K, 87% used [0x00000000d6280000,0x00000000d6361210,0x00000000d6380000)
  to   space 1024K, 0% used [0x00000000d6180000,0x00000000d6180000,0x00000000d6280000)
 ParOldGen       total 835072K, used 834649K [0x0000000080000000, 0x00000000b2f80000, 0x00000000d5580000)
  object space 835072K, 99% used [0x0000000080000000,0x00000000b2f16668,0x00000000b2f80000)
 Metaspace       used 88889K, committed 90624K, reserved 1179648K
  class space    used 9056K, committed 9856K, reserved 1048576K
}
Event: 11876.765 GC heap after
{Heap after GC invocations=1397 (full 6):
 PSYoungGen      total 8192K, used 1017K [0x00000000d5580000, 0x00000000d6300000, 0x0000000100000000)
  eden space 7168K, 0% used [0x00000000d5580000,0x00000000d5580000,0x00000000d5c80000)
  from space 1024K, 99% used [0x00000000d6180000,0x00000000d627e410,0x00000000d6280000)
  to   space 512K, 0% used [0x00000000d6280000,0x00000000d6280000,0x00000000d6300000)
 ParOldGen       total 835584K, used 835440K [0x0000000080000000, 0x00000000b3000000, 0x00000000d5580000)
  object space 835584K, 99% used [0x0000000080000000,0x00000000b2fdc170,0x00000000b3000000)
 Metaspace       used 88889K, committed 90624K, reserved 1179648K
  class space    used 9056K, committed 9856K, reserved 1048576K
}
Event: 11876.775 GC heap before
{Heap before GC invocations=1398 (full 6):
 PSYoungGen      total 8192K, used 8185K [0x00000000d5580000, 0x00000000d6300000, 0x0000000100000000)
  eden space 7168K, 100% used [0x00000000d5580000,0x00000000d5c80000,0x00000000d5c80000)
  from space 1024K, 99% used [0x00000000d6180000,0x00000000d627e410,0x00000000d6280000)
  to   space 512K, 0% used [0x00000000d6280000,0x00000000d6280000,0x00000000d6300000)
 ParOldGen       total 835584K, used 835440K [0x0000000080000000, 0x00000000b3000000, 0x00000000d5580000)
  object space 835584K, 99% used [0x0000000080000000,0x00000000b2fdc170,0x00000000b3000000)
 Metaspace       used 88897K, committed 90624K, reserved 1179648K
  class space    used 9056K, committed 9856K, reserved 1048576K
}
Event: 11876.777 GC heap after
{Heap after GC invocations=1398 (full 6):
 PSYoungGen      total 7680K, used 484K [0x00000000d5580000, 0x00000000d6300000, 0x0000000100000000)
  eden space 7168K, 0% used [0x00000000d5580000,0x00000000d5580000,0x00000000d5c80000)
  from space 512K, 94% used [0x00000000d6280000,0x00000000d62f9210,0x00000000d6300000)
  to   space 2048K, 0% used [0x00000000d5f00000,0x00000000d5f00000,0x00000000d6100000)
 ParOldGen       total 836608K, used 836457K [0x0000000080000000, 0x00000000b3100000, 0x00000000d5580000)
  object space 836608K, 99% used [0x0000000080000000,0x00000000b30da590,0x00000000b3100000)
 Metaspace       used 88897K, committed 90624K, reserved 1179648K
  class space    used 9056K, committed 9856K, reserved 1048576K
}
Event: 11876.808 GC heap before
{Heap before GC invocations=1399 (full 6):
 PSYoungGen      total 7680K, used 7652K [0x00000000d5580000, 0x00000000d6300000, 0x0000000100000000)
  eden space 7168K, 100% used [0x00000000d5580000,0x00000000d5c80000,0x00000000d5c80000)
  from space 512K, 94% used [0x00000000d6280000,0x00000000d62f9210,0x00000000d6300000)
  to   space 2048K, 0% used [0x00000000d5f00000,0x00000000d5f00000,0x00000000d6100000)
 ParOldGen       total 836608K, used 836457K [0x0000000080000000, 0x00000000b3100000, 0x00000000d5580000)
  object space 836608K, 99% used [0x0000000080000000,0x00000000b30da590,0x00000000b3100000)
 Metaspace       used 88901K, committed 90624K, reserved 1179648K
  class space    used 9056K, committed 9856K, reserved 1048576K
}
Event: 11876.811 GC heap after
{Heap after GC invocations=1399 (full 6):
 PSYoungGen      total 9216K, used 714K [0x00000000d5580000, 0x00000000d6300000, 0x0000000100000000)
  eden space 7168K, 0% used [0x00000000d5580000,0x00000000d5580000,0x00000000d5c80000)
  from space 2048K, 34% used [0x00000000d5f00000,0x00000000d5fb2910,0x00000000d6100000)
  to   space 1024K, 0% used [0x00000000d6200000,0x00000000d6200000,0x00000000d6300000)
 ParOldGen       total 837120K, used 836949K [0x0000000080000000, 0x00000000b3180000, 0x00000000d5580000)
  object space 837120K, 99% used [0x0000000080000000,0x00000000b31557a0,0x00000000b3180000)
 Metaspace       used 88901K, committed 90624K, reserved 1179648K
  class space    used 9056K, committed 9856K, reserved 1048576K
}
Event: 11876.831 GC heap before
{Heap before GC invocations=1400 (full 6):
 PSYoungGen      total 9216K, used 7882K [0x00000000d5580000, 0x00000000d6300000, 0x0000000100000000)
  eden space 7168K, 100% used [0x00000000d5580000,0x00000000d5c80000,0x00000000d5c80000)
  from space 2048K, 34% used [0x00000000d5f00000,0x00000000d5fb2910,0x00000000d6100000)
  to   space 1024K, 0% used [0x00000000d6200000,0x00000000d6200000,0x00000000d6300000)
 ParOldGen       total 837120K, used 836949K [0x0000000080000000, 0x00000000b3180000, 0x00000000d5580000)
  object space 837120K, 99% used [0x0000000080000000,0x00000000b31557a0,0x00000000b3180000)
 Metaspace       used 88904K, committed 90624K, reserved 1179648K
  class space    used 9056K, committed 9856K, reserved 1048576K
}
Event: 11876.833 GC heap after
{Heap after GC invocations=1400 (full 6):
 PSYoungGen      total 7680K, used 426K [0x00000000d5580000, 0x00000000d6280000, 0x0000000100000000)
  eden space 7168K, 0% used [0x00000000d5580000,0x00000000d5580000,0x00000000d5c80000)
  from space 512K, 83% used [0x00000000d6200000,0x00000000d626a910,0x00000000d6280000)
  to   space 1024K, 0% used [0x00000000d6080000,0x00000000d6080000,0x00000000d6180000)
 ParOldGen       total 837120K, used 837109K [0x0000000080000000, 0x00000000b3180000, 0x00000000d5580000)
  object space 837120K, 99% used [0x0000000080000000,0x00000000b317d7a0,0x00000000b3180000)
 Metaspace       used 88904K, committed 90624K, reserved 1179648K
  class space    used 9056K, committed 9856K, reserved 1048576K
}
Event: 11876.859 GC heap before
{Heap before GC invocations=1401 (full 6):
 PSYoungGen      total 7680K, used 7594K [0x00000000d5580000, 0x00000000d6280000, 0x0000000100000000)
  eden space 7168K, 99% used [0x00000000d5580000,0x00000000d5c7fff0,0x00000000d5c80000)
  from space 512K, 83% used [0x00000000d6200000,0x00000000d626a910,0x00000000d6280000)
  to   space 1024K, 0% used [0x00000000d6080000,0x00000000d6080000,0x00000000d6180000)
 ParOldGen       total 837120K, used 837109K [0x0000000080000000, 0x00000000b3180000, 0x00000000d5580000)
  object space 837120K, 99% used [0x0000000080000000,0x00000000b317d7a0,0x00000000b3180000)
 Metaspace       used 88904K, committed 90624K, reserved 1179648K
  class space    used 9056K, committed 9856K, reserved 1048576K
}
Event: 11876.862 GC heap after
{Heap after GC invocations=1401 (full 6):
 PSYoungGen      total 8192K, used 624K [0x00000000d5580000, 0x00000000d6280000, 0x0000000100000000)
  eden space 7168K, 0% used [0x00000000d5580000,0x00000000d5580000,0x00000000d5c80000)
  from space 1024K, 60% used [0x00000000d6080000,0x00000000d611c010,0x00000000d6180000)
  to   space 1024K, 0% used [0x00000000d6180000,0x00000000d6180000,0x00000000d6280000)
 ParOldGen       total 837632K, used 837141K [0x0000000080000000, 0x00000000b3200000, 0x00000000d5580000)
  object space 837632K, 99% used [0x0000000080000000,0x00000000b31857a0,0x00000000b3200000)
 Metaspace       used 88904K, committed 90624K, reserved 1179648K
  class space    used 9056K, committed 9856K, reserved 1048576K
}
Event: 11876.922 GC heap before
{Heap before GC invocations=1402 (full 6):
 PSYoungGen      total 8192K, used 7792K [0x00000000d5580000, 0x00000000d6280000, 0x0000000100000000)
  eden space 7168K, 100% used [0x00000000d5580000,0x00000000d5c80000,0x00000000d5c80000)
  from space 1024K, 60% used [0x00000000d6080000,0x00000000d611c010,0x00000000d6180000)
  to   space 1024K, 0% used [0x00000000d6180000,0x00000000d6180000,0x00000000d6280000)
 ParOldGen       total 837632K, used 837141K [0x0000000080000000, 0x00000000b3200000, 0x00000000d5580000)
  object space 837632K, 99% used [0x0000000080000000,0x00000000b31857a0,0x00000000b3200000)
 Metaspace       used 88908K, committed 90624K, reserved 1179648K
  class space    used 9056K, committed 9856K, reserved 1048576K
}
Event: 11876.929 GC heap after
{Heap after GC invocations=1402 (full 6):
 PSYoungGen      total 7680K, used 346K [0x00000000d5580000, 0x00000000d6200000, 0x0000000100000000)
  eden space 7168K, 0% used [0x00000000d5580000,0x00000000d5580000,0x00000000d5c80000)
  from space 512K, 67% used [0x00000000d6180000,0x00000000d61d6900,0x00000000d6200000)
  to   space 512K, 0% used [0x00000000d6100000,0x00000000d6100000,0x00000000d6180000)
 ParOldGen       total 837632K, used 837173K [0x0000000080000000, 0x00000000b3200000, 0x00000000d5580000)
  object space 837632K, 99% used [0x0000000080000000,0x00000000b318d7a0,0x00000000b3200000)
 Metaspace       used 88908K, committed 90624K, reserved 1179648K
  class space    used 9056K, committed 9856K, reserved 1048576K
}
Event: 11877.601 GC heap before
{Heap before GC invocations=1403 (full 6):
 PSYoungGen      total 7680K, used 7514K [0x00000000d5580000, 0x00000000d6200000, 0x0000000100000000)
  eden space 7168K, 100% used [0x00000000d5580000,0x00000000d5c80000,0x00000000d5c80000)
  from space 512K, 67% used [0x00000000d6180000,0x00000000d61d6900,0x00000000d6200000)
  to   space 512K, 0% used [0x00000000d6100000,0x00000000d6100000,0x00000000d6180000)
 ParOldGen       total 837632K, used 837173K [0x0000000080000000, 0x00000000b3200000, 0x00000000d5580000)
  object space 837632K, 99% used [0x0000000080000000,0x00000000b318d7a0,0x00000000b3200000)
 Metaspace       used 88911K, committed 90624K, reserved 1179648K
  class space    used 9056K, committed 9856K, reserved 1048576K
}
Event: 11877.606 GC heap after
{Heap after GC invocations=1403 (full 6):
 PSYoungGen      total 7680K, used 502K [0x00000000d5580000, 0x00000000d6200000, 0x0000000100000000)
  eden space 7168K, 0% used [0x00000000d5580000,0x00000000d5580000,0x00000000d5c80000)
  from space 512K, 98% used [0x00000000d6100000,0x00000000d617d890,0x00000000d6180000)
  to   space 512K, 0% used [0x00000000d6180000,0x00000000d6180000,0x00000000d6200000)
 ParOldGen       total 837632K, used 837544K [0x0000000080000000, 0x00000000b3200000, 0x00000000d5580000)
  object space 837632K, 99% used [0x0000000080000000,0x00000000b31ea2a8,0x00000000b3200000)
 Metaspace       used 88911K, committed 90624K, reserved 1179648K
  class space    used 9056K, committed 9856K, reserved 1048576K
}

