# JRE version: Java(TM) SE Runtime Environment (21.0.10+8) (build 21.0.10+8-LTS-217)
# Java VM: Java HotSpot(TM) 64-Bit Server VM (21.0.10+8-LTS-217, mixed mode, emulated-client, sharing, tiered, compressed oops, compressed class ptrs, g1 gc, windows-amd64)
GC Precious Log:
 CardTable entry size: 512
 Card Set container configuration: InlinePtr #cards 4 size 8 Array Of Cards #cards 16 size 48 Howl #buckets 8 coarsen threshold 3686 Howl Bitmap #cards 512 size 80 coarsen threshold 460 Card regions per heap region 1 cards per card region 4096
 CPUs: 8 total, 8 available
 Memory: 16167M
 Large Page Support: Disabled
 NUMA Support: Disabled
 Compressed Oops: Enabled (Zero based)
 Heap Region Size: 2M
 Heap Min Capacity: 8M
 Heap Initial Capacity: 254M
 Heap Max Capacity: 4042M
 Pre-touch: Disabled
 Parallel Workers: 8
 Concurrent Workers: 2
 Concurrent Refinement Workers: 8
 Periodic GC: Disabled
Heap:
 garbage-first heap   total 61440K, used 24867K [0x0000000703600000, 0x0000000800000000)
  region size 2048K, 2 young (4096K), 2 survivors (4096K)
 Metaspace       used 50849K, committed 51456K, reserved 1114112K
  class space    used 6984K, committed 7296K, reserved 1048576K
GC Heap History (17 events):
Event: 0.636 GC heap before
{Heap before GC invocations=0 (full 0):
 garbage-first heap   total 260096K, used 20480K [0x0000000703600000, 0x0000000800000000)
  region size 2048K, 11 young (22528K), 0 survivors (0K)
 Metaspace       used 4802K, committed 5056K, reserved 1114112K
  class space    used 624K, committed 768K, reserved 1048576K
}
Event: 0.641 GC heap after
{Heap after GC invocations=1 (full 0):
 garbage-first heap   total 260096K, used 6572K [0x0000000703600000, 0x0000000800000000)
  region size 2048K, 2 young (4096K), 2 survivors (4096K)
 Metaspace       used 4802K, committed 5056K, reserved 1114112K
  class space    used 624K, committed 768K, reserved 1048576K
}
Event: 1.061 GC heap before
{Heap before GC invocations=1 (full 0):
 garbage-first heap   total 260096K, used 31148K [0x0000000703600000, 0x0000000800000000)
  region size 2048K, 15 young (30720K), 2 survivors (4096K)
 Metaspace       used 11147K, committed 11456K, reserved 1114112K
  class space    used 1487K, committed 1600K, reserved 1048576K
}
Event: 1.066 GC heap after
{Heap after GC invocations=2 (full 0):
 garbage-first heap   total 260096K, used 9267K [0x0000000703600000, 0x0000000800000000)
  region size 2048K, 2 young (4096K), 2 survivors (4096K)
 Metaspace       used 11147K, committed 11456K, reserved 1114112K
  class space    used 1487K, committed 1600K, reserved 1048576K
}
Event: 1.631 GC heap before
{Heap before GC invocations=2 (full 0):
 garbage-first heap   total 260096K, used 46131K [0x0000000703600000, 0x0000000800000000)
  region size 2048K, 21 young (43008K), 2 survivors (4096K)
 Metaspace       used 17784K, committed 18176K, reserved 1114112K
  class space    used 2393K, committed 2560K, reserved 1048576K
}
Event: 1.638 GC heap after
{Heap after GC invocations=3 (full 0):
 garbage-first heap   total 260096K, used 12610K [0x0000000703600000, 0x0000000800000000)
  region size 2048K, 3 young (6144K), 3 survivors (6144K)
 Metaspace       used 17784K, committed 18176K, reserved 1114112K
  class space    used 2393K, committed 2560K, reserved 1048576K
}
Event: 2.344 GC heap before
{Heap before GC invocations=4 (full 0):
 garbage-first heap   total 61440K, used 43330K [0x0000000703600000, 0x0000000800000000)
  region size 2048K, 18 young (36864K), 3 survivors (6144K)
 Metaspace       used 22105K, committed 22592K, reserved 1114112K
  class space    used 3102K, committed 3328K, reserved 1048576K
}
Event: 2.358 GC heap after
{Heap after GC invocations=5 (full 0):
 garbage-first heap   total 61440K, used 15608K [0x0000000703600000, 0x0000000800000000)
  region size 2048K, 2 young (4096K), 2 survivors (4096K)
 Metaspace       used 22105K, committed 22592K, reserved 1114112K
  class space    used 3102K, committed 3328K, reserved 1048576K
}
Event: 3.017 GC heap before
{Heap before GC invocations=5 (full 0):
 garbage-first heap   total 61440K, used 44280K [0x0000000703600000, 0x0000000800000000)
  region size 2048K, 16 young (32768K), 2 survivors (4096K)
 Metaspace       used 29066K, committed 29632K, reserved 1114112K
  class space    used 3998K, committed 4288K, reserved 1048576K
}
Event: 3.023 GC heap after
{Heap after GC invocations=6 (full 0):
 garbage-first heap   total 61440K, used 17919K [0x0000000703600000, 0x0000000800000000)
  region size 2048K, 2 young (4096K), 2 survivors (4096K)
 Metaspace       used 29066K, committed 29632K, reserved 1114112K
  class space    used 3998K, committed 4288K, reserved 1048576K
}
Event: 3.080 GC heap before
{Heap before GC invocations=6 (full 0):
 garbage-first heap   total 61440K, used 19967K [0x0000000703600000, 0x0000000800000000)
  region size 2048K, 4 young (8192K), 2 survivors (4096K)
 Metaspace       used 29812K, committed 30336K, reserved 1114112K
  class space    used 4130K, committed 4416K, reserved 1048576K
}
Event: 3.083 GC heap after
{Heap after GC invocations=7 (full 0):
 garbage-first heap   total 61440K, used 18220K [0x0000000703600000, 0x0000000800000000)
  region size 2048K, 1 young (2048K), 1 survivors (2048K)
 Metaspace       used 29812K, committed 30336K, reserved 1114112K
  class space    used 4130K, committed 4416K, reserved 1048576K
}
Event: 3.972 GC heap before
{Heap before GC invocations=8 (full 0):
 garbage-first heap   total 61440K, used 48940K [0x0000000703600000, 0x0000000800000000)
  region size 2048K, 16 young (32768K), 1 survivors (2048K)
 Metaspace       used 41311K, committed 41856K, reserved 1114112K
  class space    used 5656K, committed 5888K, reserved 1048576K
}
Event: 3.976 GC heap after
{Heap after GC invocations=9 (full 0):
 garbage-first heap   total 61440K, used 20728K [0x0000000703600000, 0x0000000800000000)
  region size 2048K, 2 young (4096K), 2 survivors (4096K)
 Metaspace       used 41311K, committed 41856K, reserved 1114112K
  class space    used 5656K, committed 5888K, reserved 1048576K
}
Event: 4.491 GC heap before
{Heap before GC invocations=9 (full 0):
 garbage-first heap   total 61440K, used 47352K [0x0000000703600000, 0x0000000800000000)
  region size 2048K, 16 young (32768K), 2 survivors (4096K)
 Metaspace       used 47663K, committed 48256K, reserved 1114112K
  class space    used 6572K, committed 6848K, reserved 1048576K
}
Event: 4.497 GC heap after
{Heap after GC invocations=10 (full 0):
 garbage-first heap   total 61440K, used 22563K [0x0000000703600000, 0x0000000800000000)
  region size 2048K, 2 young (4096K), 2 survivors (4096K)
 Metaspace       used 47663K, committed 48256K, reserved 1114112K
  class space    used 6572K, committed 6848K, reserved 1048576K
}
Event: 30.708 GC heap before
{Heap before GC invocations=10 (full 0):
 garbage-first heap   total 61440K, used 43043K [0x0000000703600000, 0x0000000800000000)
  region size 2048K, 13 young (26624K), 2 survivors (4096K)
 Metaspace       used 50849K, committed 51456K, reserved 1114112K
  class space    used 6984K, committed 7296K, reserved 1048576K
}

